<?xml version="1.0" encoding="UTF-8"?>
<!-- Generated by org.testng.reporters.JUnitXMLReporter -->
<testsuite ignored="2" hostname="LAPTOP-159IKIK4" failures="0" tests="2" name="Test" time="0.069" errors="0" timestamp="2023-09-02T11:50:33 IST">
  <testcase classname="TestNg.Sample2" name="demo3" time="0.01"/>
  <testcase classname="TestNg.Sample1" name="demo2" time="0.002"/>
  <testcase classname="TestNg.Sample1" name="demo1" time="0.0">
    <ignored/>
  </testcase> <!-- demo1 -->
  <testcase classname="TestNg.Sample2" name="demo4" time="0.0">
    <ignored/>
  </testcase> <!-- demo4 -->
</testsuite> <!-- Test -->
