<?xml version="1.0" encoding="UTF-8"?>
<testng-results ignored="2" total="4" passed="2" failed="0" skipped="0">
  <reporter-output>
  </reporter-output>
  <suite started-at="2023-09-02T11:50:33 IST" name="Suite" finished-at="2023-09-02T11:50:33 IST" duration-ms="69">
    <groups>
      <group name="smoke">
        <method signature="Sample1.demo2()[pri:0, instance:TestNg.Sample1@3febb011]" name="demo2" class="TestNg.Sample1"/>
        <method signature="Sample2.demo3()[pri:0, instance:TestNg.Sample2@1189dd52]" name="demo3" class="TestNg.Sample2"/>
      </group> <!-- smoke -->
    </groups>
    <test started-at="2023-09-02T11:50:33 IST" name="Test" finished-at="2023-09-02T11:50:33 IST" duration-ms="69">
      <class name="TestNg.Sample2">
        <test-method signature="demo3()[pri:0, instance:TestNg.Sample2@1189dd52]" started-at="2023-09-02T11:50:33 IST" name="demo3" finished-at="2023-09-02T11:50:33 IST" duration-ms="10" status="PASS">
          <reporter-output>
          </reporter-output>
        </test-method> <!-- demo3 -->
      </class> <!-- TestNg.Sample2 -->
      <class name="TestNg.Sample1">
        <test-method signature="demo2()[pri:0, instance:TestNg.Sample1@3febb011]" started-at="2023-09-02T11:50:33 IST" name="demo2" finished-at="2023-09-02T11:50:33 IST" duration-ms="2" status="PASS">
          <reporter-output>
          </reporter-output>
        </test-method> <!-- demo2 -->
      </class> <!-- TestNg.Sample1 -->
    </test> <!-- Test -->
  </suite> <!-- Suite -->
</testng-results>
